<?xml version="1.0" encoding="UTF-8"?>
<!-- Generated by org.testng.reporters.JUnitXMLReporter -->
<testsuite ignored="0" hostname="LTIN509708" failures="0" tests="11" name="Test Search in Chrome" time="205.891" errors="0" timestamp="2024-04-18T22:04:03 IST">
  <testcase classname="testScenario.TestCaseTravel" name="clickTravelInsurance" time="17.172"/>
  <testcase classname="testScenario.TestCaseTravel" name="clickStartDate" time="19.7"/>
  <testcase classname="testScenario.TestCaseTravel" name="selectAges" time="19.876"/>
  <testcase classname="testScenario.TestCaseTravel" name="enterContactDetais" time="9.769"/>
  <testcase classname="testScenario.TestCaseTravel" name="enterStudentPlans" time="11.93"/>
  <testcase classname="testScenario.TestCaseTravel" name="selectSorts" time="6.651"/>
  <testcase classname="testScenario.TestCaseTravel" name="insurerNameAndPlanPrice" time="1.691"/>
  <testcase classname="testScenario.TestCaseCar" name="sel_NewCar_forInsurance" time="16.409"/>
  <testcase classname="testScenario.TestCaseCar" name="sendData" time="0.172"/>
  <testcase classname="testScenario.TestCaseCar" name="email_Capture_ErrorMessage" time="61.515"/>
  <testcase classname="testScenario.TestCaseHealth" name="healthInsuranceMenuItems" time="3.316"/>
</testsuite> <!-- Test Search in Chrome -->
