<?xml version="1.0" encoding="UTF-8"?>
<testng-results ignored="0" total="5" passed="5" failed="0" skipped="0">
  <reporter-output>
  </reporter-output>
  <suite started-at="2024-04-20T16:49:41 IST" name="Default suite" finished-at="2024-04-20T16:54:17 IST" duration-ms="276017">
    <groups>
      <group name="cucumber">
        <method signature="AbstractTestNGCucumberTests.runScenario(io.cucumber.testng.PickleWrapper,io.cucumber.testng.FeatureWrapper)[pri:0, instance:testRunner.TravelTestRunner@6e535154]" name="runScenario" class="io.cucumber.testng.AbstractTestNGCucumberTests"/>
      </group> <!-- cucumber -->
    </groups>
    <test started-at="2024-04-20T16:49:41 IST" name="Default test" finished-at="2024-04-20T16:54:17 IST" duration-ms="276017">
      <class name="testRunner.TravelTestRunner">
        <test-method is-config="true" signature="setUpClass(org.testng.ITestContext)[pri:0, instance:testRunner.TravelTestRunner@6e535154]" started-at="2024-04-20T16:49:41 IST" name="setUpClass" finished-at="2024-04-20T16:50:24 IST" duration-ms="43201" status="PASS">
          <params>
            <param index="0">
              <value>
                <![CDATA[org.testng.TestRunner@24a7d3d3]]>
              </value>
            </param>
          </params>
          <reporter-output>
          </reporter-output>
        </test-method> <!-- setUpClass -->
        <test-method signature="runScenario(io.cucumber.testng.PickleWrapper,io.cucumber.testng.FeatureWrapper)[pri:0, instance:testRunner.TravelTestRunner@6e535154]" started-at="2024-04-20T16:50:24 IST" name="runScenario" description="Runs Cucumber Scenarios" data-provider="scenarios" finished-at="2024-04-20T16:51:35 IST" duration-ms="71456" status="PASS">
          <params>
            <param index="0">
              <value>
                <![CDATA["Go to the Travel Insurance plan for Students page."]]>
              </value>
            </param>
            <param index="1">
              <value>
                <![CDATA["Travel Insurance Plan for Students"]]>
              </value>
            </param>
          </params>
          <reporter-output>
          </reporter-output>
        </test-method> <!-- runScenario -->
        <test-method signature="runScenario(io.cucumber.testng.PickleWrapper,io.cucumber.testng.FeatureWrapper)[pri:0, instance:testRunner.TravelTestRunner@6e535154]" started-at="2024-04-20T16:51:35 IST" name="runScenario" description="Runs Cucumber Scenarios" data-provider="scenarios" finished-at="2024-04-20T16:51:59 IST" duration-ms="23263" status="PASS">
          <params>
            <param index="0">
              <value>
                <![CDATA["Displaying three lowest travel insurance plan for students."]]>
              </value>
            </param>
            <param index="1">
              <value>
                <![CDATA["Travel Insurance Plan for Students"]]>
              </value>
            </param>
          </params>
          <reporter-output>
          </reporter-output>
        </test-method> <!-- runScenario -->
        <test-method signature="runScenario(io.cucumber.testng.PickleWrapper,io.cucumber.testng.FeatureWrapper)[pri:0, instance:testRunner.TravelTestRunner@6e535154]" started-at="2024-04-20T16:51:59 IST" name="runScenario" description="Runs Cucumber Scenarios" data-provider="scenarios" finished-at="2024-04-20T16:52:18 IST" duration-ms="19418" status="PASS">
          <params>
            <param index="0">
              <value>
                <![CDATA["Go to Car Insurance option and fill details"]]>
              </value>
            </param>
            <param index="1">
              <value>
                <![CDATA["Car Insurance."]]>
              </value>
            </param>
          </params>
          <reporter-output>
          </reporter-output>
        </test-method> <!-- runScenario -->
        <test-method signature="runScenario(io.cucumber.testng.PickleWrapper,io.cucumber.testng.FeatureWrapper)[pri:0, instance:testRunner.TravelTestRunner@6e535154]" started-at="2024-04-20T16:52:18 IST" name="runScenario" description="Runs Cucumber Scenarios" data-provider="scenarios" finished-at="2024-04-20T16:54:01 IST" duration-ms="103215" status="PASS">
          <params>
            <param index="0">
              <value>
                <![CDATA["Capturing error message"]]>
              </value>
            </param>
            <param index="1">
              <value>
                <![CDATA["Car Insurance."]]>
              </value>
            </param>
          </params>
          <reporter-output>
          </reporter-output>
        </test-method> <!-- runScenario -->
        <test-method signature="runScenario(io.cucumber.testng.PickleWrapper,io.cucumber.testng.FeatureWrapper)[pri:0, instance:testRunner.TravelTestRunner@6e535154]" started-at="2024-04-20T16:54:01 IST" name="runScenario" description="Runs Cucumber Scenarios" data-provider="scenarios" finished-at="2024-04-20T16:54:06 IST" duration-ms="4674" status="PASS">
          <params>
            <param index="0">
              <value>
                <![CDATA["Health Insurance"]]>
              </value>
            </param>
            <param index="1">
              <value>
                <![CDATA["Health Insurance Application"]]>
              </value>
            </param>
          </params>
          <reporter-output>
          </reporter-output>
        </test-method> <!-- runScenario -->
        <test-method is-config="true" signature="tearDownClass()[pri:0, instance:testRunner.TravelTestRunner@6e535154]" started-at="2024-04-20T16:54:06 IST" name="tearDownClass" finished-at="2024-04-20T16:54:17 IST" duration-ms="10686" status="PASS">
          <reporter-output>
          </reporter-output>
        </test-method> <!-- tearDownClass -->
      </class> <!-- testRunner.TravelTestRunner -->
    </test> <!-- Default test -->
  </suite> <!-- Default suite -->
</testng-results>
